2023-08-30 11:17:58,458 DEBUG Request: method=post url=https://api.telegram.org/bot6500937080:{TOKEN}/setMyCommands params={'commands': '[{"command": "start", "description": "\\u0417\\u0430\\u043f\\u0443\\u0441\\u043a \\u0431\\u043e\\u0442\\u0430"}]'} files=None
2023-08-30 11:17:58,460 DEBUG Starting new HTTPS connection (1): api.telegram.org:443
2023-08-30 11:17:58,930 DEBUG https://api.telegram.org:443 "POST /bot6500937080:AAEGdo1frC-hr_0oAeZsD4n8GQh3turDmYE/setMyCommands?commands=%5B%7B%22command%22%3A+%22start%22%2C+%22description%22%3A+%22%5Cu0417%5Cu0430%5Cu043f%5Cu0443%5Cu0441%5Cu043a+%5Cu0431%5Cu043e%5Cu0442%5Cu0430%22%7D%5D HTTP/1.1" 200 25
2023-08-30 11:17:58,931 DEBUG The server returned: 'b'{"ok":true,"result":true}''
2023-08-30 11:17:58,932 DEBUG Request: method=get url=https://api.telegram.org/bot6500937080:{TOKEN}/getMe params=None files=None
2023-08-30 11:17:59,017 DEBUG https://api.telegram.org:443 "GET /bot6500937080:AAEGdo1frC-hr_0oAeZsD4n8GQh3turDmYE/getMe HTTP/1.1" 200 190
2023-08-30 11:17:59,018 DEBUG The server returned: 'b'{"ok":true,"result":{"id":6500937080,"is_bot":true,"first_name":"GTR_BOT","username":"GTR212_bot","can_join_groups":true,"can_read_all_group_messages":false,"supports_inline_queries":false}}''
2023-08-30 11:17:59,018 INFO Starting your bot with username: [@GTR212_bot]
2023-08-30 11:17:59,018 INFO Started polling.
2023-08-30 11:17:59,018 DEBUG Received task
2023-08-30 11:17:59,018 DEBUG Request: method=get url=https://api.telegram.org/bot6500937080:{TOKEN}/getUpdates params={'offset': -1, 'timeout': 20, 'long_polling_timeout': 20} files=None
2023-08-30 11:17:59,020 DEBUG Starting new HTTPS connection (1): api.telegram.org:443
2023-08-30 11:18:19,042 DEBUG https://api.telegram.org:443 "GET /bot6500937080:AAEGdo1frC-hr_0oAeZsD4n8GQh3turDmYE/getUpdates?offset=-1&timeout=20 HTTP/1.1" 200 365
2023-08-30 11:18:19,042 DEBUG The server returned: 'b'{"ok":true,"result":[{"update_id":873862829,\n"message":{"message_id":3,"from":{"id":1029045407,"is_bot":false,"first_name":"Pr@ctic","username":"Practic_old","language_code":"en"},"chat":{"id":1029045407,"first_name":"Pr@ctic","username":"Practic_old","type":"private"},"date":1693369098,"text":"/start","entities":[{"offset":0,"length":6,"type":"bot_command"}]}}]}''
2023-08-30 11:18:19,043 DEBUG Skipped all pending messages
2023-08-30 11:18:19,043 DEBUG Request: method=get url=https://api.telegram.org/bot6500937080:{TOKEN}/getUpdates params={'offset': 1, 'timeout': 20, 'long_polling_timeout': 20} files=None
2023-08-30 11:18:19,126 DEBUG https://api.telegram.org:443 "GET /bot6500937080:AAEGdo1frC-hr_0oAeZsD4n8GQh3turDmYE/getUpdates?offset=1&timeout=20 HTTP/1.1" 200 365
2023-08-30 11:18:19,126 DEBUG The server returned: 'b'{"ok":true,"result":[{"update_id":873862829,\n"message":{"message_id":3,"from":{"id":1029045407,"is_bot":false,"first_name":"Pr@ctic","username":"Practic_old","language_code":"en"},"chat":{"id":1029045407,"first_name":"Pr@ctic","username":"Practic_old","type":"private"},"date":1693369098,"text":"/start","entities":[{"offset":0,"length":6,"type":"bot_command"}]}}]}''
2023-08-30 11:18:19,127 DEBUG Received 1 new updates
2023-08-30 11:18:19,127 DEBUG Task complete
2023-08-30 11:18:19,127 DEBUG Received task
2023-08-30 11:18:19,127 DEBUG Received task
2023-08-30 11:18:19,127 DEBUG Request: method=post url=https://api.telegram.org/bot6500937080:{TOKEN}/sendMessage params={'chat_id': '1029045407', 'text': '\n    Бот использоуется как шаблон\n    ', 'reply_markup': '{"inline_keyboard": [[{"text": "\\u041f\\u043e\\u0433\\u043d\\u0430\\u043b\\u0438 \\u0434\\u0430\\u043b\\u044c\\u0448\\u0435?", "callback_data": "next"}]]}', 'parse_mode': 'HTML'} files=None
2023-08-30 11:18:19,127 DEBUG Request: method=get url=https://api.telegram.org/bot6500937080:{TOKEN}/getUpdates params={'offset': 873862830, 'timeout': 20, 'long_polling_timeout': 20} files=None
2023-08-30 11:18:19,131 DEBUG Starting new HTTPS connection (1): api.telegram.org:443
2023-08-30 11:18:19,634 DEBUG https://api.telegram.org:443 "POST /bot6500937080:AAEGdo1frC-hr_0oAeZsD4n8GQh3turDmYE/sendMessage?chat_id=1029045407&text=%0A++++%D0%91%D0%BE%D1%82+%D0%B8%D1%81%D0%BF%D0%BE%D0%BB%D1%8C%D0%B7%D0%BE%D1%83%D0%B5%D1%82%D1%81%D1%8F+%D0%BA%D0%B0%D0%BA+%D1%88%D0%B0%D0%B1%D0%BB%D0%BE%D0%BD%0A++++&reply_markup=%7B%22inline_keyboard%22%3A+%5B%5B%7B%22text%22%3A+%22%5Cu041f%5Cu043e%5Cu0433%5Cu043d%5Cu0430%5Cu043b%5Cu0438+%5Cu0434%5Cu0430%5Cu043b%5Cu044c%5Cu0448%5Cu0435%3F%22%2C+%22callback_data%22%3A+%22next%22%7D%5D%5D%7D&parse_mode=HTML HTTP/1.1" 200 548
2023-08-30 11:18:19,636 DEBUG The server returned: 'b'{"ok":true,"result":{"message_id":4,"from":{"id":6500937080,"is_bot":true,"first_name":"GTR_BOT","username":"GTR212_bot"},"chat":{"id":1029045407,"first_name":"Pr@ctic","username":"Practic_old","type":"private"},"date":1693369099,"text":"\\u0411\\u043e\\u0442 \\u0438\\u0441\\u043f\\u043e\\u043b\\u044c\\u0437\\u043e\\u0443\\u0435\\u0442\\u0441\\u044f \\u043a\\u0430\\u043a \\u0448\\u0430\\u0431\\u043b\\u043e\\u043d","reply_markup":{"inline_keyboard":[[{"text":"\\u041f\\u043e\\u0433\\u043d\\u0430\\u043b\\u0438 \\u0434\\u0430\\u043b\\u044c\\u0448\\u0435?","callback_data":"next"}]]}}}''
2023-08-30 11:18:19,637 DEBUG Task complete
2023-08-30 11:18:39,047 INFO KeyboardInterrupt received.
2023-08-30 11:18:39,048 INFO Stopped polling.
2023-08-30 11:18:39,048 ERROR Infinity polling: polling exited
2023-08-30 11:18:39,049 ERROR Break infinity polling
